<?xml version="1.0" encoding="UTF-8"?>
<!-- Generated by org.testng.reporters.JUnitXMLReporter -->
<testsuite ignored="0" hostname="japneet-VirtualBox" failures="0" tests="6" name="Default test" time="37.889" errors="0" timestamp="2022-03-06T22:09:37 IST">
  <testcase classname="mavendemo.App_Check_Registration" name="test" time="1.562"/>
  <testcase classname="mavendemo.App_Check_Login" name="test" time="0.674"/>
  <testcase classname="mavendemo.TestClass" name="testScript" time="16.558"/>
  <testcase classname="mavendemo.App_Check_Login_Fail" name="test" time="1.326"/>
  <testcase classname="mavendemo.TestGetURL" name="test" time="3.481"/>
  <testcase classname="mavendemo.App_Check_Logout" name="test" time="3.649"/>
</testsuite> <!-- Default test -->
