<?xml version="1.0" encoding="UTF-8"?>
<!-- Generated by org.testng.reporters.JUnitXMLReporter -->
<testsuite ignored="0" hostname="japneet-VirtualBox" failures="0" tests="6" name="Default test" time="22.18" errors="0" timestamp="2022-03-25T17:47:57 IST">
  <testcase classname="mavendemo.App_Check_Registration" name="test" time="1.293"/>
  <testcase classname="mavendemo.App_Check_Login" name="test" time="0.32"/>
  <testcase classname="mavendemo.TestClass" name="testScript" time="15.652"/>
  <testcase classname="mavendemo.App_Check_Login_Fail" name="test" time="0.254"/>
  <testcase classname="mavendemo.TestGetURL" name="test" time="0.797"/>
  <testcase classname="mavendemo.App_Check_Logout" name="test" time="0.312"/>
</testsuite> <!-- Default test -->
