<?xml version="1.0" encoding="UTF-8"?>
<testng-results ignored="0" total="6" passed="6" failed="0" skipped="0">
  <reporter-output>
  </reporter-output>
  <suite started-at="2022-03-08T23:43:51 IST" name="My First Test Suite" finished-at="2022-03-08T23:44:17 IST" duration-ms="26080">
    <groups>
    </groups>
    <test started-at="2022-03-08T23:43:51 IST" name="My first test" finished-at="2022-03-08T23:44:17 IST" duration-ms="26080">
      <class name="mavendemo.App_Check_Registration">
        <test-method is-config="true" signature="setUp()[pri:0, instance:mavendemo.App_Check_Registration@117e949d]" started-at="2022-03-08T23:43:54 IST" name="setUp" finished-at="2022-03-08T23:43:55 IST" duration-ms="166" status="PASS">
          <reporter-output>
          </reporter-output>
        </test-method> <!-- setUp -->
        <test-method signature="test()[pri:0, instance:mavendemo.App_Check_Registration@117e949d]" started-at="2022-03-08T23:43:55 IST" name="test" finished-at="2022-03-08T23:43:55 IST" duration-ms="476" status="PASS">
          <reporter-output>
          </reporter-output>
        </test-method> <!-- test -->
        <test-method is-config="true" signature="close()[pri:0, instance:mavendemo.App_Check_Registration@117e949d]" started-at="2022-03-08T23:43:55 IST" name="close" finished-at="2022-03-08T23:43:55 IST" duration-ms="63" status="PASS">
          <reporter-output>
          </reporter-output>
        </test-method> <!-- close -->
      </class> <!-- mavendemo.App_Check_Registration -->
      <class name="mavendemo.App_Check_Login">
        <test-method is-config="true" signature="setUp()[pri:0, instance:mavendemo.App_Check_Login@6913c1fb]" started-at="2022-03-08T23:43:51 IST" name="setUp" finished-at="2022-03-08T23:43:52 IST" duration-ms="1241" status="PASS">
          <reporter-output>
          </reporter-output>
        </test-method> <!-- setUp -->
        <test-method signature="test()[pri:0, instance:mavendemo.App_Check_Login@6913c1fb]" started-at="2022-03-08T23:43:52 IST" name="test" finished-at="2022-03-08T23:43:53 IST" duration-ms="930" status="PASS">
          <reporter-output>
          </reporter-output>
        </test-method> <!-- test -->
        <test-method is-config="true" signature="close()[pri:0, instance:mavendemo.App_Check_Login@6913c1fb]" started-at="2022-03-08T23:43:53 IST" name="close" finished-at="2022-03-08T23:43:53 IST" duration-ms="64" status="PASS">
          <reporter-output>
          </reporter-output>
        </test-method> <!-- close -->
      </class> <!-- mavendemo.App_Check_Login -->
      <class name="mavendemo.TestClass">
        <test-method is-config="true" signature="setUp()[pri:0, instance:mavendemo.TestClass@6db9f5a4]" started-at="2022-03-08T23:43:55 IST" name="setUp" finished-at="2022-03-08T23:43:55 IST" duration-ms="184" status="PASS">
          <reporter-output>
          </reporter-output>
        </test-method> <!-- setUp -->
        <test-method signature="testScript()[pri:0, instance:mavendemo.TestClass@6db9f5a4]" started-at="2022-03-08T23:43:55 IST" name="testScript" finished-at="2022-03-08T23:44:16 IST" duration-ms="20211" status="PASS">
          <reporter-output>
          </reporter-output>
        </test-method> <!-- testScript -->
        <test-method is-config="true" signature="close()[pri:0, instance:mavendemo.TestClass@6db9f5a4]" started-at="2022-03-08T23:44:16 IST" name="close" finished-at="2022-03-08T23:44:16 IST" duration-ms="112" status="PASS">
          <reporter-output>
          </reporter-output>
        </test-method> <!-- close -->
      </class> <!-- mavendemo.TestClass -->
      <class name="mavendemo.App_Check_Login_Fail">
        <test-method is-config="true" signature="setUp()[pri:0, instance:mavendemo.App_Check_Login_Fail@424e1977]" started-at="2022-03-08T23:43:53 IST" name="setUp" finished-at="2022-03-08T23:43:53 IST" duration-ms="245" status="PASS">
          <reporter-output>
          </reporter-output>
        </test-method> <!-- setUp -->
        <test-method signature="test()[pri:0, instance:mavendemo.App_Check_Login_Fail@424e1977]" started-at="2022-03-08T23:43:53 IST" name="test" finished-at="2022-03-08T23:43:54 IST" duration-ms="302" status="PASS">
          <reporter-output>
          </reporter-output>
        </test-method> <!-- test -->
        <test-method is-config="true" signature="close()[pri:0, instance:mavendemo.App_Check_Login_Fail@424e1977]" started-at="2022-03-08T23:43:54 IST" name="close" finished-at="2022-03-08T23:43:54 IST" duration-ms="59" status="PASS">
          <reporter-output>
          </reporter-output>
        </test-method> <!-- close -->
      </class> <!-- mavendemo.App_Check_Login_Fail -->
      <class name="mavendemo.TestGetURL">
        <test-method is-config="true" signature="setUp()[pri:0, instance:mavendemo.TestGetURL@5f8edcc5]" started-at="2022-03-08T23:44:16 IST" name="setUp" finished-at="2022-03-08T23:44:16 IST" duration-ms="163" status="PASS">
          <reporter-output>
          </reporter-output>
        </test-method> <!-- setUp -->
        <test-method signature="test()[pri:0, instance:mavendemo.TestGetURL@5f8edcc5]" started-at="2022-03-08T23:44:16 IST" name="test" finished-at="2022-03-08T23:44:17 IST" duration-ms="1123" status="PASS">
          <reporter-output>
          </reporter-output>
        </test-method> <!-- test -->
        <test-method is-config="true" signature="close()[pri:0, instance:mavendemo.TestGetURL@5f8edcc5]" started-at="2022-03-08T23:44:17 IST" name="close" finished-at="2022-03-08T23:44:17 IST" duration-ms="113" status="PASS">
          <reporter-output>
          </reporter-output>
        </test-method> <!-- close -->
      </class> <!-- mavendemo.TestGetURL -->
      <class name="mavendemo.App_Check_Logout">
        <test-method is-config="true" signature="setUp()[pri:0, instance:mavendemo.App_Check_Logout@10d68fcd]" started-at="2022-03-08T23:43:54 IST" name="setUp" finished-at="2022-03-08T23:43:54 IST" duration-ms="220" status="PASS">
          <reporter-output>
          </reporter-output>
        </test-method> <!-- setUp -->
        <test-method signature="test()[pri:0, instance:mavendemo.App_Check_Logout@10d68fcd]" started-at="2022-03-08T23:43:54 IST" name="test" finished-at="2022-03-08T23:43:54 IST" duration-ms="322" status="PASS">
          <reporter-output>
          </reporter-output>
        </test-method> <!-- test -->
        <test-method is-config="true" signature="close()[pri:0, instance:mavendemo.App_Check_Logout@10d68fcd]" started-at="2022-03-08T23:43:54 IST" name="close" finished-at="2022-03-08T23:43:54 IST" duration-ms="61" status="PASS">
          <reporter-output>
          </reporter-output>
        </test-method> <!-- close -->
      </class> <!-- mavendemo.App_Check_Logout -->
    </test> <!-- My first test -->
  </suite> <!-- My First Test Suite -->
</testng-results>
