<?xml version="1.0" encoding="UTF-8"?>
<!-- Generated by org.testng.reporters.JUnitXMLReporter -->
<testsuite ignored="0" hostname="japneet-VirtualBox" failures="0" tests="6" name="My first test" time="23.21" errors="0" timestamp="2022-03-07T01:19:22 IST">
  <testcase classname="mavendemo.App_Check_Login" name="test" time="0.261"/>
  <testcase classname="mavendemo.App_Check_Login_Fail" name="test" time="0.315"/>
  <testcase classname="mavendemo.App_Check_Logout" name="test" time="0.325"/>
  <testcase classname="mavendemo.App_Check_Registration" name="test" time="0.51"/>
  <testcase classname="mavendemo.TestClass" name="testScript" time="17.677"/>
  <testcase classname="mavendemo.TestGetURL" name="test" time="1.47"/>
</testsuite> <!-- My first test -->
