<?xml version="1.0" encoding="UTF-8"?>
<!-- Generated by org.testng.reporters.JUnitXMLReporter -->
<testsuite ignored="0" hostname="japneet-VirtualBox" failures="0" tests="6" name="My first test" time="26.08" errors="0" timestamp="2022-03-08T23:44:17 IST">
  <testcase classname="mavendemo.App_Check_Login" name="test" time="0.93"/>
  <testcase classname="mavendemo.App_Check_Login_Fail" name="test" time="0.302"/>
  <testcase classname="mavendemo.App_Check_Logout" name="test" time="0.322"/>
  <testcase classname="mavendemo.App_Check_Registration" name="test" time="0.476"/>
  <testcase classname="mavendemo.TestClass" name="testScript" time="20.211"/>
  <testcase classname="mavendemo.TestGetURL" name="test" time="1.123"/>
</testsuite> <!-- My first test -->
